<?xml version="1.0" encoding="UTF-8"?>
<!-- Generated by org.testng.reporters.JUnitReportReporter -->
<testsuite hostname="ADMINRG-M7VVNID" name="com.qa.qslogin.PhantomJSConcept" tests="2" failures="0" timestamp="6 Dec 2018 17:44:13 GMT" time="70.643" errors="0">
  <testcase name="login" time="54.179" classname="com.qa.qslogin.PhantomJSConcept"/>
  <testcase name="getTitleTest" time="16.464" classname="com.qa.qslogin.PhantomJSConcept"/>
</testsuite> <!-- com.qa.qslogin.PhantomJSConcept -->
