<?xml version="1.0" encoding="UTF-8"?>
<!-- Generated by org.testng.reporters.JUnitReportReporter -->
<testsuite hostname="ADMINRG-M7VVNID" name="com.qa.barcode.BarcodeTest" tests="1" failures="0" timestamp="5 Dec 2018 08:39:25 GMT" time="12.311" errors="0">
  <testcase name="barCodeTest" time="12.311" classname="com.qa.barcode.BarcodeTest"/>
</testsuite> <!-- com.qa.barcode.BarcodeTest -->
