<?xml version="1.0" encoding="UTF-8"?>
<!-- Generated by org.testng.reporters.JUnitReportReporter -->
<testsuite hostname="ADMINRG-M7VVNID" name="com.qa.qslogin.QsLogin" tests="2" failures="0" timestamp="6 Dec 2018 13:54:40 GMT" time="16.208" errors="0">
  <testcase name="getTitleTest" time="6.971" classname="com.qa.qslogin.QsLogin"/>
  <testcase name="login" time="9.237" classname="com.qa.qslogin.QsLogin"/>
</testsuite> <!-- com.qa.qslogin.QsLogin -->
