<?xml version="1.0" encoding="UTF-8"?>
<!-- Generated by org.testng.reporters.JUnitReportReporter -->
<testsuite hostname="ADMINRG-M7VVNID" name="com.qa.ElementTest.ElementVisiblityTest" tests="1" failures="0" timestamp="5 Dec 2018 09:17:39 GMT" time="9.464" errors="0">
  <testcase name="elementTest" time="9.464" classname="com.qa.ElementTest.ElementVisiblityTest"/>
</testsuite> <!-- com.qa.ElementTest.ElementVisiblityTest -->
